<?xml version='1.0' encoding='UTF-8'?>

<beans xmlns="http://www.springframework.org/schema/beans"
       xmlns:xsi="http://www.w3.org/2001/XMLSchema-instance" xmlns:util="http://www.springframework.org/schema/util"
       xsi:schemaLocation="http://www.springframework.org/schema/beans
        http://www.springframework.org/schema/beans/spring-beans.xsd">

   <bean id="synchronousTransformClient" class="org.alfresco.repo.rendition2.TestSynchronousTransformClient">
      <constructor-arg name="delegate" ref="switchingSynchronousTransformClient" />
   </bean>

   <bean id="transformServiceRegistry" class="org.alfresco.repo.rendition2.TestTransformServiceRegistry">
      <constructor-arg name="delegate" ref="localTransformServiceRegistry" />
   </bean>

</beans>